C:\USERS\NIKHIL\DESKTOP\OF_V0.8.4_VS_RELEASE\APPS\MYAPPS\OPENENCOUNTERS\OBJ\DEBUG\OFXTEXTBLOCK.OBJ
C:\USERS\NIKHIL\DESKTOP\OF_V0.8.4_VS_RELEASE\APPS\MYAPPS\OPENENCOUNTERS\OBJ\DEBUG\VC110.PDB
C:\USERS\NIKHIL\DESKTOP\OF_V0.8.4_VS_RELEASE\APPS\MYAPPS\OPENENCOUNTERS\OBJ\DEBUG\MAIN.OBJ
C:\USERS\NIKHIL\DESKTOP\OF_V0.8.4_VS_RELEASE\APPS\MYAPPS\OPENENCOUNTERS\OBJ\DEBUG\PARSINGXML.OBJ
C:\USERS\NIKHIL\DESKTOP\OF_V0.8.4_VS_RELEASE\APPS\MYAPPS\OPENENCOUNTERS\BIN\OPENENCOUNTERS_DEBUG.ILK
C:\USERS\NIKHIL\DESKTOP\OF_V0.8.4_VS_RELEASE\APPS\MYAPPS\OPENENCOUNTERS\BIN\OPENENCOUNTERS_DEBUG.EXE
C:\USERS\NIKHIL\DESKTOP\OF_V0.8.4_VS_RELEASE\APPS\MYAPPS\OPENENCOUNTERS\BIN\OPENENCOUNTERS_DEBUG.PDB
C:\Users\nikhil\Desktop\of_v0.8.4_vs_release\apps\myApps\OpenEncounters\bin\OpenEncounters_debug.lib
C:\Users\nikhil\Desktop\of_v0.8.4_vs_release\apps\myApps\OpenEncounters\bin\OpenEncounters_debug.exp
C:\USERS\NIKHIL\DESKTOP\OF_V0.8.4_VS_RELEASE\APPS\MYAPPS\OPENENCOUNTERS\OBJ\DEBUG\ICON.RES
C:\Users\nikhil\Desktop\of_v0.8.4_vs_release\apps\myApps\OpenEncounters\obj\Debug\ofxTextBlock.obj
C:\Users\nikhil\Desktop\of_v0.8.4_vs_release\apps\myApps\OpenEncounters\obj\Debug\ParsingXML.obj
C:\Users\nikhil\Desktop\of_v0.8.4_vs_release\apps\myApps\OpenEncounters\obj\Debug\msxml3.tli
C:\Users\nikhil\Desktop\of_v0.8.4_vs_release\apps\myApps\OpenEncounters\obj\Debug\msxml3.tlh
C:\Users\nikhil\Desktop\of_v0.8.4_vs_release\apps\myApps\OpenEncounters\obj\Debug\cl.command.1.tlog
C:\Users\nikhil\Desktop\of_v0.8.4_vs_release\apps\myApps\OpenEncounters\obj\Debug\CL.read.1.tlog
C:\Users\nikhil\Desktop\of_v0.8.4_vs_release\apps\myApps\OpenEncounters\obj\Debug\CL.write.1.tlog
C:\Users\nikhil\Desktop\of_v0.8.4_vs_release\apps\myApps\OpenEncounters\obj\Debug\link-cvtres.read.1.tlog
C:\Users\nikhil\Desktop\of_v0.8.4_vs_release\apps\myApps\OpenEncounters\obj\Debug\link-cvtres.write.1.tlog
C:\Users\nikhil\Desktop\of_v0.8.4_vs_release\apps\myApps\OpenEncounters\obj\Debug\link-rc.read.1.tlog
C:\Users\nikhil\Desktop\of_v0.8.4_vs_release\apps\myApps\OpenEncounters\obj\Debug\link-rc.write.1.tlog
C:\Users\nikhil\Desktop\of_v0.8.4_vs_release\apps\myApps\OpenEncounters\obj\Debug\link.command.1.tlog
C:\Users\nikhil\Desktop\of_v0.8.4_vs_release\apps\myApps\OpenEncounters\obj\Debug\link.read.1.tlog
C:\Users\nikhil\Desktop\of_v0.8.4_vs_release\apps\myApps\OpenEncounters\obj\Debug\link.write.1.tlog
C:\Users\nikhil\Desktop\of_v0.8.4_vs_release\apps\myApps\OpenEncounters\obj\Debug\OpenEncounters.write.1.tlog
C:\Users\nikhil\Desktop\of_v0.8.4_vs_release\apps\myApps\OpenEncounters\obj\Debug\rc.command.1.tlog
C:\Users\nikhil\Desktop\of_v0.8.4_vs_release\apps\myApps\OpenEncounters\obj\Debug\rc.read.1.tlog
C:\Users\nikhil\Desktop\of_v0.8.4_vs_release\apps\myApps\OpenEncounters\obj\Debug\rc.write.1.tlog
C:\Users\nikhil\Desktop\of_v0.8.4_vs_release\apps\myApps\OpenEncounters\obj\Debug\icon.res
C:\Users\nikhil\Desktop\of_v0.8.4_vs_release\apps\myApps\OpenEncounters\obj\Debug\vc110.idb
C:\Users\nikhil\Desktop\of_v0.8.4_vs_release\apps\myApps\OpenEncounters\obj\Debug\vc110.pdb
C:\Users\nikhil\Desktop\of_v0.8.4_vs_release\apps\myApps\OpenEncounters\bin\OpenEncounters_debug.exe
