C:\USERS\NIKHIL\DESKTOP\MEDIALABS\FINALITY\PARSINGXML\PARSINGXML\DEBUG\PARSINGXML.BSC
C:\USERS\NIKHIL\DESKTOP\MEDIALABS\FINALITY\PARSINGXML\PARSINGXML\DEBUG\PARSINGXML.PCH
C:\USERS\NIKHIL\DESKTOP\MEDIALABS\FINALITY\PARSINGXML\PARSINGXML\DEBUG\STDAFX.SBR
C:\USERS\NIKHIL\DESKTOP\MEDIALABS\FINALITY\PARSINGXML\PARSINGXML\DEBUG\STDAFX.OBJ
C:\USERS\NIKHIL\DESKTOP\MEDIALABS\FINALITY\PARSINGXML\PARSINGXML\DEBUG\VC110.PDB
C:\USERS\NIKHIL\DESKTOP\MEDIALABS\FINALITY\PARSINGXML\PARSINGXML\DEBUG\PARSINGXML.SBR
C:\USERS\NIKHIL\DESKTOP\MEDIALABS\FINALITY\PARSINGXML\PARSINGXML\DEBUG\PARSINGXML.ILK
C:\USERS\NIKHIL\DESKTOP\MEDIALABS\FINALITY\PARSINGXML\PARSINGXML\DEBUG\PARSINGXML.EXE
C:\USERS\NIKHIL\DESKTOP\MEDIALABS\FINALITY\PARSINGXML\PARSINGXML\DEBUG\PARSINGXML.PDB
C:\Users\nikhil\Desktop\MediaLabs\FINALITY\ParsingXML\ParsingXML\Debug\StdAfx.obj
C:\Users\nikhil\Desktop\MediaLabs\FINALITY\ParsingXML\ParsingXML\Debug\ParsingXML.ilk
C:\Users\nikhil\Desktop\MediaLabs\FINALITY\ParsingXML\ParsingXML\Debug\msxml3.tli
C:\Users\nikhil\Desktop\MediaLabs\FINALITY\ParsingXML\ParsingXML\Debug\msxml3.tlh
C:\Users\nikhil\Desktop\MediaLabs\FINALITY\ParsingXML\ParsingXML\Debug\BscMake.command.1.tlog
C:\Users\nikhil\Desktop\MediaLabs\FINALITY\ParsingXML\ParsingXML\Debug\bscmake.read.1.tlog
C:\Users\nikhil\Desktop\MediaLabs\FINALITY\ParsingXML\ParsingXML\Debug\bscmake.write.1.tlog
C:\Users\nikhil\Desktop\MediaLabs\FINALITY\ParsingXML\ParsingXML\Debug\cl.command.1.tlog
C:\Users\nikhil\Desktop\MediaLabs\FINALITY\ParsingXML\ParsingXML\Debug\CL.read.1.tlog
C:\Users\nikhil\Desktop\MediaLabs\FINALITY\ParsingXML\ParsingXML\Debug\CL.write.1.tlog
C:\Users\nikhil\Desktop\MediaLabs\FINALITY\ParsingXML\ParsingXML\Debug\link-cvtres.read.1.tlog
C:\Users\nikhil\Desktop\MediaLabs\FINALITY\ParsingXML\ParsingXML\Debug\link-cvtres.write.1.tlog
C:\Users\nikhil\Desktop\MediaLabs\FINALITY\ParsingXML\ParsingXML\Debug\link-rc.read.1.tlog
C:\Users\nikhil\Desktop\MediaLabs\FINALITY\ParsingXML\ParsingXML\Debug\link-rc.write.1.tlog
C:\Users\nikhil\Desktop\MediaLabs\FINALITY\ParsingXML\ParsingXML\Debug\link.5144-cvtres.read.1.tlog
C:\Users\nikhil\Desktop\MediaLabs\FINALITY\ParsingXML\ParsingXML\Debug\link.5144-cvtres.write.1.tlog
C:\Users\nikhil\Desktop\MediaLabs\FINALITY\ParsingXML\ParsingXML\Debug\link.5144-rc.read.1.tlog
C:\Users\nikhil\Desktop\MediaLabs\FINALITY\ParsingXML\ParsingXML\Debug\link.5144-rc.write.1.tlog
C:\Users\nikhil\Desktop\MediaLabs\FINALITY\ParsingXML\ParsingXML\Debug\link.5144.read.1.tlog
C:\Users\nikhil\Desktop\MediaLabs\FINALITY\ParsingXML\ParsingXML\Debug\link.5144.write.1.tlog
C:\Users\nikhil\Desktop\MediaLabs\FINALITY\ParsingXML\ParsingXML\Debug\link.5692-cvtres.read.1.tlog
C:\Users\nikhil\Desktop\MediaLabs\FINALITY\ParsingXML\ParsingXML\Debug\link.5692-cvtres.write.1.tlog
C:\Users\nikhil\Desktop\MediaLabs\FINALITY\ParsingXML\ParsingXML\Debug\link.5692-rc.read.1.tlog
C:\Users\nikhil\Desktop\MediaLabs\FINALITY\ParsingXML\ParsingXML\Debug\link.5692-rc.write.1.tlog
C:\Users\nikhil\Desktop\MediaLabs\FINALITY\ParsingXML\ParsingXML\Debug\link.5692.read.1.tlog
C:\Users\nikhil\Desktop\MediaLabs\FINALITY\ParsingXML\ParsingXML\Debug\link.5692.write.1.tlog
C:\Users\nikhil\Desktop\MediaLabs\FINALITY\ParsingXML\ParsingXML\Debug\link.7540-cvtres.read.1.tlog
C:\Users\nikhil\Desktop\MediaLabs\FINALITY\ParsingXML\ParsingXML\Debug\link.7540-cvtres.write.1.tlog
C:\Users\nikhil\Desktop\MediaLabs\FINALITY\ParsingXML\ParsingXML\Debug\link.7540-rc.read.1.tlog
C:\Users\nikhil\Desktop\MediaLabs\FINALITY\ParsingXML\ParsingXML\Debug\link.7540-rc.write.1.tlog
C:\Users\nikhil\Desktop\MediaLabs\FINALITY\ParsingXML\ParsingXML\Debug\link.7540.read.1.tlog
C:\Users\nikhil\Desktop\MediaLabs\FINALITY\ParsingXML\ParsingXML\Debug\link.7540.write.1.tlog
C:\Users\nikhil\Desktop\MediaLabs\FINALITY\ParsingXML\ParsingXML\Debug\link.7756-cvtres.read.1.tlog
C:\Users\nikhil\Desktop\MediaLabs\FINALITY\ParsingXML\ParsingXML\Debug\link.7756-cvtres.write.1.tlog
C:\Users\nikhil\Desktop\MediaLabs\FINALITY\ParsingXML\ParsingXML\Debug\link.7756-rc.read.1.tlog
C:\Users\nikhil\Desktop\MediaLabs\FINALITY\ParsingXML\ParsingXML\Debug\link.7756-rc.write.1.tlog
C:\Users\nikhil\Desktop\MediaLabs\FINALITY\ParsingXML\ParsingXML\Debug\link.7756.read.1.tlog
C:\Users\nikhil\Desktop\MediaLabs\FINALITY\ParsingXML\ParsingXML\Debug\link.7756.write.1.tlog
C:\Users\nikhil\Desktop\MediaLabs\FINALITY\ParsingXML\ParsingXML\Debug\link.8008-cvtres.read.1.tlog
C:\Users\nikhil\Desktop\MediaLabs\FINALITY\ParsingXML\ParsingXML\Debug\link.8008-cvtres.write.1.tlog
C:\Users\nikhil\Desktop\MediaLabs\FINALITY\ParsingXML\ParsingXML\Debug\link.8008-rc.read.1.tlog
C:\Users\nikhil\Desktop\MediaLabs\FINALITY\ParsingXML\ParsingXML\Debug\link.8008-rc.write.1.tlog
C:\Users\nikhil\Desktop\MediaLabs\FINALITY\ParsingXML\ParsingXML\Debug\link.8008.read.1.tlog
C:\Users\nikhil\Desktop\MediaLabs\FINALITY\ParsingXML\ParsingXML\Debug\link.8008.write.1.tlog
C:\Users\nikhil\Desktop\MediaLabs\FINALITY\ParsingXML\ParsingXML\Debug\link.9040-cvtres.read.1.tlog
C:\Users\nikhil\Desktop\MediaLabs\FINALITY\ParsingXML\ParsingXML\Debug\link.9040-cvtres.write.1.tlog
C:\Users\nikhil\Desktop\MediaLabs\FINALITY\ParsingXML\ParsingXML\Debug\link.9040-rc.read.1.tlog
C:\Users\nikhil\Desktop\MediaLabs\FINALITY\ParsingXML\ParsingXML\Debug\link.9040-rc.write.1.tlog
C:\Users\nikhil\Desktop\MediaLabs\FINALITY\ParsingXML\ParsingXML\Debug\link.9040.read.1.tlog
C:\Users\nikhil\Desktop\MediaLabs\FINALITY\ParsingXML\ParsingXML\Debug\link.9040.write.1.tlog
C:\Users\nikhil\Desktop\MediaLabs\FINALITY\ParsingXML\ParsingXML\Debug\link.command.1.tlog
C:\Users\nikhil\Desktop\MediaLabs\FINALITY\ParsingXML\ParsingXML\Debug\link.read.1.tlog
C:\Users\nikhil\Desktop\MediaLabs\FINALITY\ParsingXML\ParsingXML\Debug\link.write.1.tlog
C:\Users\nikhil\Desktop\MediaLabs\FINALITY\ParsingXML\ParsingXML\Debug\ParsingXML.pch
C:\Users\nikhil\Desktop\MediaLabs\FINALITY\ParsingXML\ParsingXML\Debug\vc110.idb
C:\Users\nikhil\Desktop\MediaLabs\FINALITY\ParsingXML\ParsingXML\Debug\ParsingXML.pdb
C:\Users\nikhil\Desktop\MediaLabs\FINALITY\ParsingXML\ParsingXML\Debug\vc110.pdb
C:\Users\nikhil\Desktop\MediaLabs\FINALITY\ParsingXML\ParsingXML\Debug\ParsingXML.bsc
C:\Users\nikhil\Desktop\MediaLabs\FINALITY\ParsingXML\ParsingXML\Debug\StdAfx.sbr
C:\Users\nikhil\Desktop\MediaLabs\FINALITY\ParsingXML\ParsingXML\.\Debug\ParsingXML.exe
