C:\USERS\NIKHIL\DESKTOP\OF_V0.8.4_VS_RELEASE\LIBS\OPENFRAMEWORKSCOMPILED\LIB\VS\OPENFRAMEWORKSLIB_DEBUG.BSC
C:\USERS\NIKHIL\DESKTOP\OF_V0.8.4_VS_RELEASE\LIBS\OPENFRAMEWORKSCOMPILED\PROJECT\VS\OBJ\DEBUG\OFSERIAL.SBR
C:\USERS\NIKHIL\DESKTOP\OF_V0.8.4_VS_RELEASE\LIBS\OPENFRAMEWORKSCOMPILED\PROJECT\VS\OBJ\DEBUG\OFARDUINO.SBR
C:\USERS\NIKHIL\DESKTOP\OF_V0.8.4_VS_RELEASE\LIBS\OPENFRAMEWORKSCOMPILED\PROJECT\VS\OBJ\DEBUG\OFVIDEOPLAYER.SBR
C:\USERS\NIKHIL\DESKTOP\OF_V0.8.4_VS_RELEASE\LIBS\OPENFRAMEWORKSCOMPILED\PROJECT\VS\OBJ\DEBUG\OFVIDEOGRABBER.SBR
C:\USERS\NIKHIL\DESKTOP\OF_V0.8.4_VS_RELEASE\LIBS\OPENFRAMEWORKSCOMPILED\PROJECT\VS\OBJ\DEBUG\OFQUICKTIMEPLAYER.SBR
C:\USERS\NIKHIL\DESKTOP\OF_V0.8.4_VS_RELEASE\LIBS\OPENFRAMEWORKSCOMPILED\PROJECT\VS\OBJ\DEBUG\OFQUICKTIMEGRABBER.SBR
C:\USERS\NIKHIL\DESKTOP\OF_V0.8.4_VS_RELEASE\LIBS\OPENFRAMEWORKSCOMPILED\PROJECT\VS\OBJ\DEBUG\OFQTUTILS.SBR
C:\USERS\NIKHIL\DESKTOP\OF_V0.8.4_VS_RELEASE\LIBS\OPENFRAMEWORKSCOMPILED\PROJECT\VS\OBJ\DEBUG\OFDIRECTSHOWGRABBER.SBR
C:\USERS\NIKHIL\DESKTOP\OF_V0.8.4_VS_RELEASE\LIBS\OPENFRAMEWORKSCOMPILED\PROJECT\VS\OBJ\DEBUG\OFXML.SBR
C:\USERS\NIKHIL\DESKTOP\OF_V0.8.4_VS_RELEASE\LIBS\OPENFRAMEWORKSCOMPILED\PROJECT\VS\OBJ\DEBUG\OFUTILS.SBR
C:\USERS\NIKHIL\DESKTOP\OF_V0.8.4_VS_RELEASE\LIBS\OPENFRAMEWORKSCOMPILED\PROJECT\VS\OBJ\DEBUG\OFURLFILELOADER.SBR
C:\USERS\NIKHIL\DESKTOP\OF_V0.8.4_VS_RELEASE\LIBS\OPENFRAMEWORKSCOMPILED\PROJECT\VS\OBJ\DEBUG\OFTHREAD.SBR
C:\USERS\NIKHIL\DESKTOP\OF_V0.8.4_VS_RELEASE\LIBS\OPENFRAMEWORKSCOMPILED\PROJECT\VS\OBJ\DEBUG\OFSYSTEMUTILS.SBR
C:\USERS\NIKHIL\DESKTOP\OF_V0.8.4_VS_RELEASE\LIBS\OPENFRAMEWORKSCOMPILED\PROJECT\VS\OBJ\DEBUG\OFMATRIXSTACK.SBR
C:\USERS\NIKHIL\DESKTOP\OF_V0.8.4_VS_RELEASE\LIBS\OPENFRAMEWORKSCOMPILED\PROJECT\VS\OBJ\DEBUG\OFLOG.SBR
C:\USERS\NIKHIL\DESKTOP\OF_V0.8.4_VS_RELEASE\LIBS\OPENFRAMEWORKSCOMPILED\PROJECT\VS\OBJ\DEBUG\OFFILEUTILS.SBR
C:\USERS\NIKHIL\DESKTOP\OF_V0.8.4_VS_RELEASE\LIBS\OPENFRAMEWORKSCOMPILED\PROJECT\VS\OBJ\DEBUG\OFRECTANGLE.SBR
C:\USERS\NIKHIL\DESKTOP\OF_V0.8.4_VS_RELEASE\LIBS\OPENFRAMEWORKSCOMPILED\PROJECT\VS\OBJ\DEBUG\OFPARAMETERGROUP.SBR
C:\USERS\NIKHIL\DESKTOP\OF_V0.8.4_VS_RELEASE\LIBS\OPENFRAMEWORKSCOMPILED\PROJECT\VS\OBJ\DEBUG\OFPARAMETER.SBR
C:\USERS\NIKHIL\DESKTOP\OF_V0.8.4_VS_RELEASE\LIBS\OPENFRAMEWORKSCOMPILED\PROJECT\VS\OBJ\DEBUG\OFCOLOR.SBR
C:\USERS\NIKHIL\DESKTOP\OF_V0.8.4_VS_RELEASE\LIBS\OPENFRAMEWORKSCOMPILED\PROJECT\VS\OBJ\DEBUG\OFCOLOR.OBJ
C:\USERS\NIKHIL\DESKTOP\OF_V0.8.4_VS_RELEASE\LIBS\OPENFRAMEWORKSCOMPILED\PROJECT\VS\OBJ\DEBUG\OFPARAMETER.OBJ
C:\USERS\NIKHIL\DESKTOP\OF_V0.8.4_VS_RELEASE\LIBS\OPENFRAMEWORKSCOMPILED\PROJECT\VS\OBJ\DEBUG\OFPARAMETERGROUP.OBJ
C:\USERS\NIKHIL\DESKTOP\OF_V0.8.4_VS_RELEASE\LIBS\OPENFRAMEWORKSCOMPILED\PROJECT\VS\OBJ\DEBUG\OFRECTANGLE.OBJ
C:\USERS\NIKHIL\DESKTOP\OF_V0.8.4_VS_RELEASE\LIBS\OPENFRAMEWORKSCOMPILED\PROJECT\VS\OBJ\DEBUG\OFFILEUTILS.OBJ
C:\USERS\NIKHIL\DESKTOP\OF_V0.8.4_VS_RELEASE\LIBS\OPENFRAMEWORKSCOMPILED\PROJECT\VS\OBJ\DEBUG\OFLOG.OBJ
C:\USERS\NIKHIL\DESKTOP\OF_V0.8.4_VS_RELEASE\LIBS\OPENFRAMEWORKSCOMPILED\PROJECT\VS\OBJ\DEBUG\OFMATRIXSTACK.OBJ
C:\USERS\NIKHIL\DESKTOP\OF_V0.8.4_VS_RELEASE\LIBS\OPENFRAMEWORKSCOMPILED\PROJECT\VS\OBJ\DEBUG\OFSYSTEMUTILS.OBJ
C:\USERS\NIKHIL\DESKTOP\OF_V0.8.4_VS_RELEASE\LIBS\OPENFRAMEWORKSCOMPILED\PROJECT\VS\OBJ\DEBUG\OFTHREAD.OBJ
C:\USERS\NIKHIL\DESKTOP\OF_V0.8.4_VS_RELEASE\LIBS\OPENFRAMEWORKSCOMPILED\PROJECT\VS\OBJ\DEBUG\OFURLFILELOADER.OBJ
C:\USERS\NIKHIL\DESKTOP\OF_V0.8.4_VS_RELEASE\LIBS\OPENFRAMEWORKSCOMPILED\PROJECT\VS\OBJ\DEBUG\OFUTILS.OBJ
C:\USERS\NIKHIL\DESKTOP\OF_V0.8.4_VS_RELEASE\LIBS\OPENFRAMEWORKSCOMPILED\PROJECT\VS\OBJ\DEBUG\OFXML.OBJ
C:\USERS\NIKHIL\DESKTOP\OF_V0.8.4_VS_RELEASE\LIBS\OPENFRAMEWORKSCOMPILED\PROJECT\VS\OBJ\DEBUG\OFDIRECTSHOWGRABBER.OBJ
C:\USERS\NIKHIL\DESKTOP\OF_V0.8.4_VS_RELEASE\LIBS\OPENFRAMEWORKSCOMPILED\PROJECT\VS\OBJ\DEBUG\OFQTUTILS.OBJ
C:\USERS\NIKHIL\DESKTOP\OF_V0.8.4_VS_RELEASE\LIBS\OPENFRAMEWORKSCOMPILED\PROJECT\VS\OBJ\DEBUG\OFQUICKTIMEGRABBER.OBJ
C:\USERS\NIKHIL\DESKTOP\OF_V0.8.4_VS_RELEASE\LIBS\OPENFRAMEWORKSCOMPILED\PROJECT\VS\OBJ\DEBUG\OFQUICKTIMEPLAYER.OBJ
C:\USERS\NIKHIL\DESKTOP\OF_V0.8.4_VS_RELEASE\LIBS\OPENFRAMEWORKSCOMPILED\PROJECT\VS\OBJ\DEBUG\OFVIDEOGRABBER.OBJ
C:\USERS\NIKHIL\DESKTOP\OF_V0.8.4_VS_RELEASE\LIBS\OPENFRAMEWORKSCOMPILED\PROJECT\VS\OBJ\DEBUG\OFVIDEOPLAYER.OBJ
C:\USERS\NIKHIL\DESKTOP\OF_V0.8.4_VS_RELEASE\LIBS\OPENFRAMEWORKSCOMPILED\PROJECT\VS\OBJ\DEBUG\OFARDUINO.OBJ
C:\USERS\NIKHIL\DESKTOP\OF_V0.8.4_VS_RELEASE\LIBS\OPENFRAMEWORKSCOMPILED\PROJECT\VS\OBJ\DEBUG\OFSERIAL.OBJ
C:\USERS\NIKHIL\DESKTOP\OF_V0.8.4_VS_RELEASE\LIBS\OPENFRAMEWORKSCOMPILED\PROJECT\VS\OBJ\DEBUG\OFBASETYPES.SBR
C:\USERS\NIKHIL\DESKTOP\OF_V0.8.4_VS_RELEASE\LIBS\OPENFRAMEWORKSCOMPILED\PROJECT\VS\OBJ\DEBUG\OFSOUNDSTREAM.SBR
C:\USERS\NIKHIL\DESKTOP\OF_V0.8.4_VS_RELEASE\LIBS\OPENFRAMEWORKSCOMPILED\PROJECT\VS\OBJ\DEBUG\OFSOUNDPLAYER.SBR
C:\USERS\NIKHIL\DESKTOP\OF_V0.8.4_VS_RELEASE\LIBS\OPENFRAMEWORKSCOMPILED\PROJECT\VS\OBJ\DEBUG\OFRTAUDIOSOUNDSTREAM.SBR
C:\USERS\NIKHIL\DESKTOP\OF_V0.8.4_VS_RELEASE\LIBS\OPENFRAMEWORKSCOMPILED\PROJECT\VS\OBJ\DEBUG\OFFMODSOUNDPLAYER.SBR
C:\USERS\NIKHIL\DESKTOP\OF_V0.8.4_VS_RELEASE\LIBS\OPENFRAMEWORKSCOMPILED\PROJECT\VS\OBJ\DEBUG\OFVEC4F.SBR
C:\USERS\NIKHIL\DESKTOP\OF_V0.8.4_VS_RELEASE\LIBS\OPENFRAMEWORKSCOMPILED\PROJECT\VS\OBJ\DEBUG\OFVEC2F.SBR
C:\USERS\NIKHIL\DESKTOP\OF_V0.8.4_VS_RELEASE\LIBS\OPENFRAMEWORKSCOMPILED\PROJECT\VS\OBJ\DEBUG\OFQUATERNION.SBR
C:\USERS\NIKHIL\DESKTOP\OF_V0.8.4_VS_RELEASE\LIBS\OPENFRAMEWORKSCOMPILED\PROJECT\VS\OBJ\DEBUG\OFMATRIX4X4.SBR
C:\USERS\NIKHIL\DESKTOP\OF_V0.8.4_VS_RELEASE\LIBS\OPENFRAMEWORKSCOMPILED\PROJECT\VS\OBJ\DEBUG\OFMATRIX3X3.SBR
C:\USERS\NIKHIL\DESKTOP\OF_V0.8.4_VS_RELEASE\LIBS\OPENFRAMEWORKSCOMPILED\PROJECT\VS\OBJ\DEBUG\OFMATH.SBR
C:\USERS\NIKHIL\DESKTOP\OF_V0.8.4_VS_RELEASE\LIBS\OPENFRAMEWORKSCOMPILED\PROJECT\VS\OBJ\DEBUG\OFTRUETYPEFONT.SBR
C:\USERS\NIKHIL\DESKTOP\OF_V0.8.4_VS_RELEASE\LIBS\OPENFRAMEWORKSCOMPILED\PROJECT\VS\OBJ\DEBUG\OFTESSELLATOR.SBR
C:\USERS\NIKHIL\DESKTOP\OF_V0.8.4_VS_RELEASE\LIBS\OPENFRAMEWORKSCOMPILED\PROJECT\VS\OBJ\DEBUG\OFRENDERERCOLLECTION.SBR
C:\USERS\NIKHIL\DESKTOP\OF_V0.8.4_VS_RELEASE\LIBS\OPENFRAMEWORKSCOMPILED\PROJECT\VS\OBJ\DEBUG\OFPOLYLINE.SBR
C:\USERS\NIKHIL\DESKTOP\OF_V0.8.4_VS_RELEASE\LIBS\OPENFRAMEWORKSCOMPILED\PROJECT\VS\OBJ\DEBUG\OFPIXELS.SBR
C:\USERS\NIKHIL\DESKTOP\OF_V0.8.4_VS_RELEASE\LIBS\OPENFRAMEWORKSCOMPILED\PROJECT\VS\OBJ\DEBUG\OFPATH.SBR
C:\USERS\NIKHIL\DESKTOP\OF_V0.8.4_VS_RELEASE\LIBS\OPENFRAMEWORKSCOMPILED\PROJECT\VS\OBJ\DEBUG\OFIMAGE.SBR
C:\USERS\NIKHIL\DESKTOP\OF_V0.8.4_VS_RELEASE\LIBS\OPENFRAMEWORKSCOMPILED\PROJECT\VS\OBJ\DEBUG\OFGRAPHICS.SBR
C:\USERS\NIKHIL\DESKTOP\OF_V0.8.4_VS_RELEASE\LIBS\OPENFRAMEWORKSCOMPILED\PROJECT\VS\OBJ\DEBUG\OFCAIRORENDERER.SBR
C:\USERS\NIKHIL\DESKTOP\OF_V0.8.4_VS_RELEASE\LIBS\OPENFRAMEWORKSCOMPILED\PROJECT\VS\OBJ\DEBUG\OFCAIRORENDERER.OBJ
C:\USERS\NIKHIL\DESKTOP\OF_V0.8.4_VS_RELEASE\LIBS\OPENFRAMEWORKSCOMPILED\PROJECT\VS\OBJ\DEBUG\OFGRAPHICS.OBJ
C:\USERS\NIKHIL\DESKTOP\OF_V0.8.4_VS_RELEASE\LIBS\OPENFRAMEWORKSCOMPILED\PROJECT\VS\OBJ\DEBUG\OFIMAGE.OBJ
C:\USERS\NIKHIL\DESKTOP\OF_V0.8.4_VS_RELEASE\LIBS\OPENFRAMEWORKSCOMPILED\PROJECT\VS\OBJ\DEBUG\OFPATH.OBJ
C:\USERS\NIKHIL\DESKTOP\OF_V0.8.4_VS_RELEASE\LIBS\OPENFRAMEWORKSCOMPILED\PROJECT\VS\OBJ\DEBUG\OFPIXELS.OBJ
C:\USERS\NIKHIL\DESKTOP\OF_V0.8.4_VS_RELEASE\LIBS\OPENFRAMEWORKSCOMPILED\PROJECT\VS\OBJ\DEBUG\OFPOLYLINE.OBJ
C:\USERS\NIKHIL\DESKTOP\OF_V0.8.4_VS_RELEASE\LIBS\OPENFRAMEWORKSCOMPILED\PROJECT\VS\OBJ\DEBUG\OFRENDERERCOLLECTION.OBJ
C:\USERS\NIKHIL\DESKTOP\OF_V0.8.4_VS_RELEASE\LIBS\OPENFRAMEWORKSCOMPILED\PROJECT\VS\OBJ\DEBUG\OFTESSELLATOR.OBJ
C:\USERS\NIKHIL\DESKTOP\OF_V0.8.4_VS_RELEASE\LIBS\OPENFRAMEWORKSCOMPILED\PROJECT\VS\OBJ\DEBUG\OFTRUETYPEFONT.OBJ
C:\USERS\NIKHIL\DESKTOP\OF_V0.8.4_VS_RELEASE\LIBS\OPENFRAMEWORKSCOMPILED\PROJECT\VS\OBJ\DEBUG\OFMATH.OBJ
C:\USERS\NIKHIL\DESKTOP\OF_V0.8.4_VS_RELEASE\LIBS\OPENFRAMEWORKSCOMPILED\PROJECT\VS\OBJ\DEBUG\OFMATRIX3X3.OBJ
C:\USERS\NIKHIL\DESKTOP\OF_V0.8.4_VS_RELEASE\LIBS\OPENFRAMEWORKSCOMPILED\PROJECT\VS\OBJ\DEBUG\OFMATRIX4X4.OBJ
C:\USERS\NIKHIL\DESKTOP\OF_V0.8.4_VS_RELEASE\LIBS\OPENFRAMEWORKSCOMPILED\PROJECT\VS\OBJ\DEBUG\OFQUATERNION.OBJ
C:\USERS\NIKHIL\DESKTOP\OF_V0.8.4_VS_RELEASE\LIBS\OPENFRAMEWORKSCOMPILED\PROJECT\VS\OBJ\DEBUG\OFVEC2F.OBJ
C:\USERS\NIKHIL\DESKTOP\OF_V0.8.4_VS_RELEASE\LIBS\OPENFRAMEWORKSCOMPILED\PROJECT\VS\OBJ\DEBUG\OFVEC4F.OBJ
C:\USERS\NIKHIL\DESKTOP\OF_V0.8.4_VS_RELEASE\LIBS\OPENFRAMEWORKSCOMPILED\PROJECT\VS\OBJ\DEBUG\OFFMODSOUNDPLAYER.OBJ
C:\USERS\NIKHIL\DESKTOP\OF_V0.8.4_VS_RELEASE\LIBS\OPENFRAMEWORKSCOMPILED\PROJECT\VS\OBJ\DEBUG\OFRTAUDIOSOUNDSTREAM.OBJ
C:\USERS\NIKHIL\DESKTOP\OF_V0.8.4_VS_RELEASE\LIBS\OPENFRAMEWORKSCOMPILED\PROJECT\VS\OBJ\DEBUG\OFSOUNDPLAYER.OBJ
C:\USERS\NIKHIL\DESKTOP\OF_V0.8.4_VS_RELEASE\LIBS\OPENFRAMEWORKSCOMPILED\PROJECT\VS\OBJ\DEBUG\OFSOUNDSTREAM.OBJ
C:\USERS\NIKHIL\DESKTOP\OF_V0.8.4_VS_RELEASE\LIBS\OPENFRAMEWORKSCOMPILED\PROJECT\VS\OBJ\DEBUG\OFBASETYPES.OBJ
C:\USERS\NIKHIL\DESKTOP\OF_V0.8.4_VS_RELEASE\LIBS\OPENFRAMEWORKSCOMPILED\PROJECT\VS\OBJ\DEBUG\OFBITMAPFONT.SBR
C:\USERS\NIKHIL\DESKTOP\OF_V0.8.4_VS_RELEASE\LIBS\OPENFRAMEWORKSCOMPILED\PROJECT\VS\OBJ\DEBUG\OF3DGRAPHICS.SBR
C:\USERS\NIKHIL\DESKTOP\OF_V0.8.4_VS_RELEASE\LIBS\OPENFRAMEWORKSCOMPILED\PROJECT\VS\OBJ\DEBUG\OFVBOMESH.SBR
C:\USERS\NIKHIL\DESKTOP\OF_V0.8.4_VS_RELEASE\LIBS\OPENFRAMEWORKSCOMPILED\PROJECT\VS\OBJ\DEBUG\OFVBO.SBR
C:\USERS\NIKHIL\DESKTOP\OF_V0.8.4_VS_RELEASE\LIBS\OPENFRAMEWORKSCOMPILED\PROJECT\VS\OBJ\DEBUG\OFTEXTURE.SBR
C:\USERS\NIKHIL\DESKTOP\OF_V0.8.4_VS_RELEASE\LIBS\OPENFRAMEWORKSCOMPILED\PROJECT\VS\OBJ\DEBUG\OFSHADER.SBR
C:\USERS\NIKHIL\DESKTOP\OF_V0.8.4_VS_RELEASE\LIBS\OPENFRAMEWORKSCOMPILED\PROJECT\VS\OBJ\DEBUG\OFGLPROGRAMMABLERENDERER.SBR
C:\USERS\NIKHIL\DESKTOP\OF_V0.8.4_VS_RELEASE\LIBS\OPENFRAMEWORKSCOMPILED\PROJECT\VS\OBJ\DEBUG\OFMATERIAL.SBR
C:\USERS\NIKHIL\DESKTOP\OF_V0.8.4_VS_RELEASE\LIBS\OPENFRAMEWORKSCOMPILED\PROJECT\VS\OBJ\DEBUG\OFLIGHT.SBR
C:\USERS\NIKHIL\DESKTOP\OF_V0.8.4_VS_RELEASE\LIBS\OPENFRAMEWORKSCOMPILED\PROJECT\VS\OBJ\DEBUG\OFGLUTILS.SBR
C:\USERS\NIKHIL\DESKTOP\OF_V0.8.4_VS_RELEASE\LIBS\OPENFRAMEWORKSCOMPILED\PROJECT\VS\OBJ\DEBUG\OFGLRENDERER.SBR
C:\USERS\NIKHIL\DESKTOP\OF_V0.8.4_VS_RELEASE\LIBS\OPENFRAMEWORKSCOMPILED\PROJECT\VS\OBJ\DEBUG\OFFBO.SBR
C:\USERS\NIKHIL\DESKTOP\OF_V0.8.4_VS_RELEASE\LIBS\OPENFRAMEWORKSCOMPILED\PROJECT\VS\OBJ\DEBUG\OFEVENTS.SBR
C:\USERS\NIKHIL\DESKTOP\OF_V0.8.4_VS_RELEASE\LIBS\OPENFRAMEWORKSCOMPILED\PROJECT\VS\OBJ\DEBUG\OFAPPRUNNER.SBR
C:\USERS\NIKHIL\DESKTOP\OF_V0.8.4_VS_RELEASE\LIBS\OPENFRAMEWORKSCOMPILED\PROJECT\VS\OBJ\DEBUG\OFAPPNOWINDOW.SBR
C:\USERS\NIKHIL\DESKTOP\OF_V0.8.4_VS_RELEASE\LIBS\OPENFRAMEWORKSCOMPILED\PROJECT\VS\OBJ\DEBUG\OFAPPGLUTWINDOW.SBR
C:\USERS\NIKHIL\DESKTOP\OF_V0.8.4_VS_RELEASE\LIBS\OPENFRAMEWORKSCOMPILED\PROJECT\VS\OBJ\DEBUG\OFAPPGLFWWINDOW.SBR
C:\USERS\NIKHIL\DESKTOP\OF_V0.8.4_VS_RELEASE\LIBS\OPENFRAMEWORKSCOMPILED\PROJECT\VS\OBJ\DEBUG\OFNODE.SBR
C:\USERS\NIKHIL\DESKTOP\OF_V0.8.4_VS_RELEASE\LIBS\OPENFRAMEWORKSCOMPILED\PROJECT\VS\OBJ\DEBUG\OFMESH.SBR
C:\USERS\NIKHIL\DESKTOP\OF_V0.8.4_VS_RELEASE\LIBS\OPENFRAMEWORKSCOMPILED\PROJECT\VS\OBJ\DEBUG\OFEASYCAM.SBR
C:\USERS\NIKHIL\DESKTOP\OF_V0.8.4_VS_RELEASE\LIBS\OPENFRAMEWORKSCOMPILED\PROJECT\VS\OBJ\DEBUG\OFEASYCAM.OBJ
C:\USERS\NIKHIL\DESKTOP\OF_V0.8.4_VS_RELEASE\LIBS\OPENFRAMEWORKSCOMPILED\PROJECT\VS\OBJ\DEBUG\OFMESH.OBJ
C:\USERS\NIKHIL\DESKTOP\OF_V0.8.4_VS_RELEASE\LIBS\OPENFRAMEWORKSCOMPILED\PROJECT\VS\OBJ\DEBUG\OFNODE.OBJ
C:\USERS\NIKHIL\DESKTOP\OF_V0.8.4_VS_RELEASE\LIBS\OPENFRAMEWORKSCOMPILED\PROJECT\VS\OBJ\DEBUG\OFAPPGLFWWINDOW.OBJ
C:\USERS\NIKHIL\DESKTOP\OF_V0.8.4_VS_RELEASE\LIBS\OPENFRAMEWORKSCOMPILED\PROJECT\VS\OBJ\DEBUG\OFAPPGLUTWINDOW.OBJ
C:\USERS\NIKHIL\DESKTOP\OF_V0.8.4_VS_RELEASE\LIBS\OPENFRAMEWORKSCOMPILED\PROJECT\VS\OBJ\DEBUG\OFAPPNOWINDOW.OBJ
C:\USERS\NIKHIL\DESKTOP\OF_V0.8.4_VS_RELEASE\LIBS\OPENFRAMEWORKSCOMPILED\PROJECT\VS\OBJ\DEBUG\OFAPPRUNNER.OBJ
C:\USERS\NIKHIL\DESKTOP\OF_V0.8.4_VS_RELEASE\LIBS\OPENFRAMEWORKSCOMPILED\PROJECT\VS\OBJ\DEBUG\OFEVENTS.OBJ
C:\USERS\NIKHIL\DESKTOP\OF_V0.8.4_VS_RELEASE\LIBS\OPENFRAMEWORKSCOMPILED\PROJECT\VS\OBJ\DEBUG\OFFBO.OBJ
C:\USERS\NIKHIL\DESKTOP\OF_V0.8.4_VS_RELEASE\LIBS\OPENFRAMEWORKSCOMPILED\PROJECT\VS\OBJ\DEBUG\OFGLRENDERER.OBJ
C:\USERS\NIKHIL\DESKTOP\OF_V0.8.4_VS_RELEASE\LIBS\OPENFRAMEWORKSCOMPILED\PROJECT\VS\OBJ\DEBUG\OFGLUTILS.OBJ
C:\USERS\NIKHIL\DESKTOP\OF_V0.8.4_VS_RELEASE\LIBS\OPENFRAMEWORKSCOMPILED\PROJECT\VS\OBJ\DEBUG\OFLIGHT.OBJ
C:\USERS\NIKHIL\DESKTOP\OF_V0.8.4_VS_RELEASE\LIBS\OPENFRAMEWORKSCOMPILED\PROJECT\VS\OBJ\DEBUG\OFMATERIAL.OBJ
C:\USERS\NIKHIL\DESKTOP\OF_V0.8.4_VS_RELEASE\LIBS\OPENFRAMEWORKSCOMPILED\PROJECT\VS\OBJ\DEBUG\OFGLPROGRAMMABLERENDERER.OBJ
C:\USERS\NIKHIL\DESKTOP\OF_V0.8.4_VS_RELEASE\LIBS\OPENFRAMEWORKSCOMPILED\PROJECT\VS\OBJ\DEBUG\OFSHADER.OBJ
C:\USERS\NIKHIL\DESKTOP\OF_V0.8.4_VS_RELEASE\LIBS\OPENFRAMEWORKSCOMPILED\PROJECT\VS\OBJ\DEBUG\OFTEXTURE.OBJ
C:\USERS\NIKHIL\DESKTOP\OF_V0.8.4_VS_RELEASE\LIBS\OPENFRAMEWORKSCOMPILED\PROJECT\VS\OBJ\DEBUG\OFVBO.OBJ
C:\USERS\NIKHIL\DESKTOP\OF_V0.8.4_VS_RELEASE\LIBS\OPENFRAMEWORKSCOMPILED\PROJECT\VS\OBJ\DEBUG\OFVBOMESH.OBJ
C:\USERS\NIKHIL\DESKTOP\OF_V0.8.4_VS_RELEASE\LIBS\OPENFRAMEWORKSCOMPILED\PROJECT\VS\OBJ\DEBUG\OF3DGRAPHICS.OBJ
C:\USERS\NIKHIL\DESKTOP\OF_V0.8.4_VS_RELEASE\LIBS\OPENFRAMEWORKSCOMPILED\PROJECT\VS\OBJ\DEBUG\OFBITMAPFONT.OBJ
C:\USERS\NIKHIL\DESKTOP\OF_V0.8.4_VS_RELEASE\LIBS\OPENFRAMEWORKSCOMPILED\PROJECT\VS\OBJ\DEBUG\OFCAMERA.SBR
C:\USERS\NIKHIL\DESKTOP\OF_V0.8.4_VS_RELEASE\LIBS\OPENFRAMEWORKSCOMPILED\PROJECT\VS\OBJ\DEBUG\OF3DUTILS.SBR
C:\USERS\NIKHIL\DESKTOP\OF_V0.8.4_VS_RELEASE\LIBS\OPENFRAMEWORKSCOMPILED\PROJECT\VS\OBJ\DEBUG\OF3DPRIMITIVES.SBR
C:\USERS\NIKHIL\DESKTOP\OF_V0.8.4_VS_RELEASE\LIBS\OPENFRAMEWORKSCOMPILED\PROJECT\VS\OBJ\DEBUG\OF3DPRIMITIVES.OBJ
C:\USERS\NIKHIL\DESKTOP\OF_V0.8.4_VS_RELEASE\LIBS\OPENFRAMEWORKSCOMPILED\PROJECT\VS\OBJ\DEBUG\OF3DUTILS.OBJ
C:\USERS\NIKHIL\DESKTOP\OF_V0.8.4_VS_RELEASE\LIBS\OPENFRAMEWORKSCOMPILED\PROJECT\VS\OBJ\DEBUG\OFCAMERA.OBJ
C:\USERS\NIKHIL\DESKTOP\OF_V0.8.4_VS_RELEASE\LIBS\OPENFRAMEWORKSCOMPILED\PROJECT\VS\OBJ\DEBUG\VC110.PDB
C:\USERS\NIKHIL\DESKTOP\OF_V0.8.4_VS_RELEASE\LIBS\OPENFRAMEWORKSCOMPILED\LIB\VS\OPENFRAMEWORKSLIB_DEBUG.LIB
C:\Users\nikhil\Desktop\of_v0.8.4_vs_release\libs\openFrameworksCompiled\project\vs\obj\Debug\of3dGraphics.obj
C:\Users\nikhil\Desktop\of_v0.8.4_vs_release\libs\openFrameworksCompiled\project\vs\obj\Debug\of3dPrimitives.obj
C:\Users\nikhil\Desktop\of_v0.8.4_vs_release\libs\openFrameworksCompiled\project\vs\obj\Debug\of3dUtils.obj
C:\Users\nikhil\Desktop\of_v0.8.4_vs_release\libs\openFrameworksCompiled\project\vs\obj\Debug\ofAppGLFWWindow.obj
C:\Users\nikhil\Desktop\of_v0.8.4_vs_release\libs\openFrameworksCompiled\project\vs\obj\Debug\ofAppGlutWindow.obj
C:\Users\nikhil\Desktop\of_v0.8.4_vs_release\libs\openFrameworksCompiled\project\vs\obj\Debug\ofAppNoWindow.obj
C:\Users\nikhil\Desktop\of_v0.8.4_vs_release\libs\openFrameworksCompiled\project\vs\obj\Debug\ofAppRunner.obj
C:\Users\nikhil\Desktop\of_v0.8.4_vs_release\libs\openFrameworksCompiled\project\vs\obj\Debug\ofArduino.obj
C:\Users\nikhil\Desktop\of_v0.8.4_vs_release\libs\openFrameworksCompiled\project\vs\obj\Debug\ofBaseTypes.obj
C:\Users\nikhil\Desktop\of_v0.8.4_vs_release\libs\openFrameworksCompiled\project\vs\obj\Debug\ofBitmapFont.obj
C:\Users\nikhil\Desktop\of_v0.8.4_vs_release\libs\openFrameworksCompiled\project\vs\obj\Debug\ofCairoRenderer.obj
C:\Users\nikhil\Desktop\of_v0.8.4_vs_release\libs\openFrameworksCompiled\project\vs\obj\Debug\ofCamera.obj
C:\Users\nikhil\Desktop\of_v0.8.4_vs_release\libs\openFrameworksCompiled\project\vs\obj\Debug\ofColor.obj
C:\Users\nikhil\Desktop\of_v0.8.4_vs_release\libs\openFrameworksCompiled\project\vs\obj\Debug\ofDirectShowGrabber.obj
C:\Users\nikhil\Desktop\of_v0.8.4_vs_release\libs\openFrameworksCompiled\project\vs\obj\Debug\ofEasyCam.obj
C:\Users\nikhil\Desktop\of_v0.8.4_vs_release\libs\openFrameworksCompiled\project\vs\obj\Debug\ofEvents.obj
C:\Users\nikhil\Desktop\of_v0.8.4_vs_release\libs\openFrameworksCompiled\project\vs\obj\Debug\ofFbo.obj
C:\Users\nikhil\Desktop\of_v0.8.4_vs_release\libs\openFrameworksCompiled\project\vs\obj\Debug\ofFileUtils.obj
C:\Users\nikhil\Desktop\of_v0.8.4_vs_release\libs\openFrameworksCompiled\project\vs\obj\Debug\ofFmodSoundPlayer.obj
C:\Users\nikhil\Desktop\of_v0.8.4_vs_release\libs\openFrameworksCompiled\project\vs\obj\Debug\ofGLProgrammableRenderer.obj
C:\Users\nikhil\Desktop\of_v0.8.4_vs_release\libs\openFrameworksCompiled\project\vs\obj\Debug\ofGLRenderer.obj
C:\Users\nikhil\Desktop\of_v0.8.4_vs_release\libs\openFrameworksCompiled\project\vs\obj\Debug\ofGLUtils.obj
C:\Users\nikhil\Desktop\of_v0.8.4_vs_release\libs\openFrameworksCompiled\project\vs\obj\Debug\ofGraphics.obj
C:\Users\nikhil\Desktop\of_v0.8.4_vs_release\libs\openFrameworksCompiled\project\vs\obj\Debug\ofImage.obj
C:\Users\nikhil\Desktop\of_v0.8.4_vs_release\libs\openFrameworksCompiled\project\vs\obj\Debug\ofLight.obj
C:\Users\nikhil\Desktop\of_v0.8.4_vs_release\libs\openFrameworksCompiled\project\vs\obj\Debug\ofLog.obj
C:\Users\nikhil\Desktop\of_v0.8.4_vs_release\libs\openFrameworksCompiled\project\vs\obj\Debug\ofMaterial.obj
C:\Users\nikhil\Desktop\of_v0.8.4_vs_release\libs\openFrameworksCompiled\project\vs\obj\Debug\ofMath.obj
C:\Users\nikhil\Desktop\of_v0.8.4_vs_release\libs\openFrameworksCompiled\project\vs\obj\Debug\ofMatrix3x3.obj
C:\Users\nikhil\Desktop\of_v0.8.4_vs_release\libs\openFrameworksCompiled\project\vs\obj\Debug\ofMatrix4x4.obj
C:\Users\nikhil\Desktop\of_v0.8.4_vs_release\libs\openFrameworksCompiled\project\vs\obj\Debug\ofMatrixStack.obj
C:\Users\nikhil\Desktop\of_v0.8.4_vs_release\libs\openFrameworksCompiled\project\vs\obj\Debug\ofMesh.obj
C:\Users\nikhil\Desktop\of_v0.8.4_vs_release\libs\openFrameworksCompiled\project\vs\obj\Debug\ofNode.obj
C:\Users\nikhil\Desktop\of_v0.8.4_vs_release\libs\openFrameworksCompiled\project\vs\obj\Debug\ofParameter.obj
C:\Users\nikhil\Desktop\of_v0.8.4_vs_release\libs\openFrameworksCompiled\project\vs\obj\Debug\ofParameterGroup.obj
C:\Users\nikhil\Desktop\of_v0.8.4_vs_release\libs\openFrameworksCompiled\project\vs\obj\Debug\ofPath.obj
C:\Users\nikhil\Desktop\of_v0.8.4_vs_release\libs\openFrameworksCompiled\project\vs\obj\Debug\ofPixels.obj
C:\Users\nikhil\Desktop\of_v0.8.4_vs_release\libs\openFrameworksCompiled\project\vs\obj\Debug\ofPolyline.obj
C:\Users\nikhil\Desktop\of_v0.8.4_vs_release\libs\openFrameworksCompiled\project\vs\obj\Debug\ofQtUtils.obj
C:\Users\nikhil\Desktop\of_v0.8.4_vs_release\libs\openFrameworksCompiled\project\vs\obj\Debug\ofQuaternion.obj
C:\Users\nikhil\Desktop\of_v0.8.4_vs_release\libs\openFrameworksCompiled\project\vs\obj\Debug\ofQuickTimeGrabber.obj
C:\Users\nikhil\Desktop\of_v0.8.4_vs_release\libs\openFrameworksCompiled\project\vs\obj\Debug\ofQuickTimePlayer.obj
C:\Users\nikhil\Desktop\of_v0.8.4_vs_release\libs\openFrameworksCompiled\project\vs\obj\Debug\ofRectangle.obj
C:\Users\nikhil\Desktop\of_v0.8.4_vs_release\libs\openFrameworksCompiled\project\vs\obj\Debug\ofRendererCollection.obj
C:\Users\nikhil\Desktop\of_v0.8.4_vs_release\libs\openFrameworksCompiled\project\vs\obj\Debug\ofRtAudioSoundStream.obj
C:\Users\nikhil\Desktop\of_v0.8.4_vs_release\libs\openFrameworksCompiled\project\vs\obj\Debug\ofSerial.obj
C:\Users\nikhil\Desktop\of_v0.8.4_vs_release\libs\openFrameworksCompiled\project\vs\obj\Debug\ofShader.obj
C:\Users\nikhil\Desktop\of_v0.8.4_vs_release\libs\openFrameworksCompiled\project\vs\obj\Debug\ofSoundPlayer.obj
C:\Users\nikhil\Desktop\of_v0.8.4_vs_release\libs\openFrameworksCompiled\project\vs\obj\Debug\ofSoundStream.obj
C:\Users\nikhil\Desktop\of_v0.8.4_vs_release\libs\openFrameworksCompiled\project\vs\obj\Debug\ofSystemUtils.obj
C:\Users\nikhil\Desktop\of_v0.8.4_vs_release\libs\openFrameworksCompiled\project\vs\obj\Debug\ofTessellator.obj
C:\Users\nikhil\Desktop\of_v0.8.4_vs_release\libs\openFrameworksCompiled\project\vs\obj\Debug\ofTexture.obj
C:\Users\nikhil\Desktop\of_v0.8.4_vs_release\libs\openFrameworksCompiled\project\vs\obj\Debug\ofThread.obj
C:\Users\nikhil\Desktop\of_v0.8.4_vs_release\libs\openFrameworksCompiled\project\vs\obj\Debug\ofTrueTypeFont.obj
C:\Users\nikhil\Desktop\of_v0.8.4_vs_release\libs\openFrameworksCompiled\project\vs\obj\Debug\ofURLFileLoader.obj
C:\Users\nikhil\Desktop\of_v0.8.4_vs_release\libs\openFrameworksCompiled\project\vs\obj\Debug\ofUtils.obj
C:\Users\nikhil\Desktop\of_v0.8.4_vs_release\libs\openFrameworksCompiled\project\vs\obj\Debug\ofVbo.obj
C:\Users\nikhil\Desktop\of_v0.8.4_vs_release\libs\openFrameworksCompiled\project\vs\obj\Debug\ofVboMesh.obj
C:\Users\nikhil\Desktop\of_v0.8.4_vs_release\libs\openFrameworksCompiled\project\vs\obj\Debug\ofVec2f.obj
C:\Users\nikhil\Desktop\of_v0.8.4_vs_release\libs\openFrameworksCompiled\project\vs\obj\Debug\ofVec4f.obj
C:\Users\nikhil\Desktop\of_v0.8.4_vs_release\libs\openFrameworksCompiled\project\vs\obj\Debug\ofVideoGrabber.obj
C:\Users\nikhil\Desktop\of_v0.8.4_vs_release\libs\openFrameworksCompiled\project\vs\obj\Debug\ofVideoPlayer.obj
C:\Users\nikhil\Desktop\of_v0.8.4_vs_release\libs\openFrameworksCompiled\project\vs\obj\Debug\ofXml.obj
C:\Users\nikhil\Desktop\of_v0.8.4_vs_release\libs\openFrameworksCompiled\project\vs\obj\Debug\BscMake.command.1.tlog
C:\Users\nikhil\Desktop\of_v0.8.4_vs_release\libs\openFrameworksCompiled\project\vs\obj\Debug\bscmake.read.1.tlog
C:\Users\nikhil\Desktop\of_v0.8.4_vs_release\libs\openFrameworksCompiled\project\vs\obj\Debug\BscMake.write.1.tlog
C:\Users\nikhil\Desktop\of_v0.8.4_vs_release\libs\openFrameworksCompiled\project\vs\obj\Debug\cl.command.1.tlog
C:\Users\nikhil\Desktop\of_v0.8.4_vs_release\libs\openFrameworksCompiled\project\vs\obj\Debug\CL.read.1.tlog
C:\Users\nikhil\Desktop\of_v0.8.4_vs_release\libs\openFrameworksCompiled\project\vs\obj\Debug\CL.write.1.tlog
C:\Users\nikhil\Desktop\of_v0.8.4_vs_release\libs\openFrameworksCompiled\project\vs\obj\Debug\Lib-link.read.1.tlog
C:\Users\nikhil\Desktop\of_v0.8.4_vs_release\libs\openFrameworksCompiled\project\vs\obj\Debug\Lib-link.write.1.tlog
C:\Users\nikhil\Desktop\of_v0.8.4_vs_release\libs\openFrameworksCompiled\project\vs\obj\Debug\lib.command.1.tlog
C:\Users\nikhil\Desktop\of_v0.8.4_vs_release\libs\openFrameworksCompiled\project\vs\obj\Debug\vc110.idb
C:\Users\nikhil\Desktop\of_v0.8.4_vs_release\libs\openFrameworksCompiled\project\vs\obj\Debug\vc110.pdb
C:\Users\nikhil\Desktop\of_v0.8.4_vs_release\libs\openFrameworksCompiled\project\vs\obj\Debug\of3dGraphics.sbr
C:\Users\nikhil\Desktop\of_v0.8.4_vs_release\libs\openFrameworksCompiled\project\vs\obj\Debug\of3dPrimitives.sbr
C:\Users\nikhil\Desktop\of_v0.8.4_vs_release\libs\openFrameworksCompiled\project\vs\obj\Debug\of3dUtils.sbr
C:\Users\nikhil\Desktop\of_v0.8.4_vs_release\libs\openFrameworksCompiled\project\vs\obj\Debug\ofAppGLFWWindow.sbr
C:\Users\nikhil\Desktop\of_v0.8.4_vs_release\libs\openFrameworksCompiled\project\vs\obj\Debug\ofAppGlutWindow.sbr
C:\Users\nikhil\Desktop\of_v0.8.4_vs_release\libs\openFrameworksCompiled\project\vs\obj\Debug\ofAppNoWindow.sbr
C:\Users\nikhil\Desktop\of_v0.8.4_vs_release\libs\openFrameworksCompiled\project\vs\obj\Debug\ofAppRunner.sbr
C:\Users\nikhil\Desktop\of_v0.8.4_vs_release\libs\openFrameworksCompiled\project\vs\obj\Debug\ofArduino.sbr
C:\Users\nikhil\Desktop\of_v0.8.4_vs_release\libs\openFrameworksCompiled\project\vs\obj\Debug\ofBaseTypes.sbr
C:\Users\nikhil\Desktop\of_v0.8.4_vs_release\libs\openFrameworksCompiled\project\vs\obj\Debug\ofBitmapFont.sbr
C:\Users\nikhil\Desktop\of_v0.8.4_vs_release\libs\openFrameworksCompiled\project\vs\obj\Debug\ofCairoRenderer.sbr
C:\Users\nikhil\Desktop\of_v0.8.4_vs_release\libs\openFrameworksCompiled\project\vs\obj\Debug\ofCamera.sbr
C:\Users\nikhil\Desktop\of_v0.8.4_vs_release\libs\openFrameworksCompiled\project\vs\obj\Debug\ofColor.sbr
C:\Users\nikhil\Desktop\of_v0.8.4_vs_release\libs\openFrameworksCompiled\project\vs\obj\Debug\ofDirectShowGrabber.sbr
C:\Users\nikhil\Desktop\of_v0.8.4_vs_release\libs\openFrameworksCompiled\project\vs\obj\Debug\ofEasyCam.sbr
C:\Users\nikhil\Desktop\of_v0.8.4_vs_release\libs\openFrameworksCompiled\project\vs\obj\Debug\ofEvents.sbr
C:\Users\nikhil\Desktop\of_v0.8.4_vs_release\libs\openFrameworksCompiled\project\vs\obj\Debug\ofFbo.sbr
C:\Users\nikhil\Desktop\of_v0.8.4_vs_release\libs\openFrameworksCompiled\project\vs\obj\Debug\ofFileUtils.sbr
C:\Users\nikhil\Desktop\of_v0.8.4_vs_release\libs\openFrameworksCompiled\project\vs\obj\Debug\ofFmodSoundPlayer.sbr
C:\Users\nikhil\Desktop\of_v0.8.4_vs_release\libs\openFrameworksCompiled\project\vs\obj\Debug\ofGLProgrammableRenderer.sbr
C:\Users\nikhil\Desktop\of_v0.8.4_vs_release\libs\openFrameworksCompiled\project\vs\obj\Debug\ofGLRenderer.sbr
C:\Users\nikhil\Desktop\of_v0.8.4_vs_release\libs\openFrameworksCompiled\project\vs\obj\Debug\ofGLUtils.sbr
C:\Users\nikhil\Desktop\of_v0.8.4_vs_release\libs\openFrameworksCompiled\project\vs\obj\Debug\ofGraphics.sbr
C:\Users\nikhil\Desktop\of_v0.8.4_vs_release\libs\openFrameworksCompiled\project\vs\obj\Debug\ofImage.sbr
C:\Users\nikhil\Desktop\of_v0.8.4_vs_release\libs\openFrameworksCompiled\project\vs\obj\Debug\ofLight.sbr
C:\Users\nikhil\Desktop\of_v0.8.4_vs_release\libs\openFrameworksCompiled\project\vs\obj\Debug\ofLog.sbr
C:\Users\nikhil\Desktop\of_v0.8.4_vs_release\libs\openFrameworksCompiled\project\vs\obj\Debug\ofMaterial.sbr
C:\Users\nikhil\Desktop\of_v0.8.4_vs_release\libs\openFrameworksCompiled\project\vs\obj\Debug\ofMath.sbr
C:\Users\nikhil\Desktop\of_v0.8.4_vs_release\libs\openFrameworksCompiled\project\vs\obj\Debug\ofMatrix3x3.sbr
C:\Users\nikhil\Desktop\of_v0.8.4_vs_release\libs\openFrameworksCompiled\project\vs\obj\Debug\ofMatrix4x4.sbr
C:\Users\nikhil\Desktop\of_v0.8.4_vs_release\libs\openFrameworksCompiled\project\vs\obj\Debug\ofMatrixStack.sbr
C:\Users\nikhil\Desktop\of_v0.8.4_vs_release\libs\openFrameworksCompiled\project\vs\obj\Debug\ofMesh.sbr
C:\Users\nikhil\Desktop\of_v0.8.4_vs_release\libs\openFrameworksCompiled\project\vs\obj\Debug\ofNode.sbr
C:\Users\nikhil\Desktop\of_v0.8.4_vs_release\libs\openFrameworksCompiled\project\vs\obj\Debug\ofParameter.sbr
C:\Users\nikhil\Desktop\of_v0.8.4_vs_release\libs\openFrameworksCompiled\project\vs\obj\Debug\ofParameterGroup.sbr
C:\Users\nikhil\Desktop\of_v0.8.4_vs_release\libs\openFrameworksCompiled\project\vs\obj\Debug\ofPath.sbr
C:\Users\nikhil\Desktop\of_v0.8.4_vs_release\libs\openFrameworksCompiled\project\vs\obj\Debug\ofPixels.sbr
C:\Users\nikhil\Desktop\of_v0.8.4_vs_release\libs\openFrameworksCompiled\project\vs\obj\Debug\ofPolyline.sbr
C:\Users\nikhil\Desktop\of_v0.8.4_vs_release\libs\openFrameworksCompiled\project\vs\obj\Debug\ofQtUtils.sbr
C:\Users\nikhil\Desktop\of_v0.8.4_vs_release\libs\openFrameworksCompiled\project\vs\obj\Debug\ofQuaternion.sbr
C:\Users\nikhil\Desktop\of_v0.8.4_vs_release\libs\openFrameworksCompiled\project\vs\obj\Debug\ofQuickTimeGrabber.sbr
C:\Users\nikhil\Desktop\of_v0.8.4_vs_release\libs\openFrameworksCompiled\project\vs\obj\Debug\ofQuickTimePlayer.sbr
C:\Users\nikhil\Desktop\of_v0.8.4_vs_release\libs\openFrameworksCompiled\project\vs\obj\Debug\ofRectangle.sbr
C:\Users\nikhil\Desktop\of_v0.8.4_vs_release\libs\openFrameworksCompiled\project\vs\obj\Debug\ofRendererCollection.sbr
C:\Users\nikhil\Desktop\of_v0.8.4_vs_release\libs\openFrameworksCompiled\project\vs\obj\Debug\ofRtAudioSoundStream.sbr
C:\Users\nikhil\Desktop\of_v0.8.4_vs_release\libs\openFrameworksCompiled\project\vs\obj\Debug\ofSerial.sbr
C:\Users\nikhil\Desktop\of_v0.8.4_vs_release\libs\openFrameworksCompiled\project\vs\obj\Debug\ofShader.sbr
C:\Users\nikhil\Desktop\of_v0.8.4_vs_release\libs\openFrameworksCompiled\project\vs\obj\Debug\ofSoundPlayer.sbr
C:\Users\nikhil\Desktop\of_v0.8.4_vs_release\libs\openFrameworksCompiled\project\vs\obj\Debug\ofSoundStream.sbr
C:\Users\nikhil\Desktop\of_v0.8.4_vs_release\libs\openFrameworksCompiled\project\vs\obj\Debug\ofSystemUtils.sbr
C:\Users\nikhil\Desktop\of_v0.8.4_vs_release\libs\openFrameworksCompiled\project\vs\obj\Debug\ofTessellator.sbr
C:\Users\nikhil\Desktop\of_v0.8.4_vs_release\libs\openFrameworksCompiled\project\vs\obj\Debug\ofTexture.sbr
C:\Users\nikhil\Desktop\of_v0.8.4_vs_release\libs\openFrameworksCompiled\project\vs\obj\Debug\ofThread.sbr
C:\Users\nikhil\Desktop\of_v0.8.4_vs_release\libs\openFrameworksCompiled\project\vs\obj\Debug\ofTrueTypeFont.sbr
C:\Users\nikhil\Desktop\of_v0.8.4_vs_release\libs\openFrameworksCompiled\project\vs\obj\Debug\ofURLFileLoader.sbr
C:\Users\nikhil\Desktop\of_v0.8.4_vs_release\libs\openFrameworksCompiled\project\vs\obj\Debug\ofUtils.sbr
C:\Users\nikhil\Desktop\of_v0.8.4_vs_release\libs\openFrameworksCompiled\project\vs\obj\Debug\ofVbo.sbr
C:\Users\nikhil\Desktop\of_v0.8.4_vs_release\libs\openFrameworksCompiled\project\vs\obj\Debug\ofVboMesh.sbr
C:\Users\nikhil\Desktop\of_v0.8.4_vs_release\libs\openFrameworksCompiled\project\vs\obj\Debug\ofVec2f.sbr
C:\Users\nikhil\Desktop\of_v0.8.4_vs_release\libs\openFrameworksCompiled\project\vs\obj\Debug\ofVec4f.sbr
C:\Users\nikhil\Desktop\of_v0.8.4_vs_release\libs\openFrameworksCompiled\project\vs\obj\Debug\ofVideoGrabber.sbr
C:\Users\nikhil\Desktop\of_v0.8.4_vs_release\libs\openFrameworksCompiled\project\vs\obj\Debug\ofVideoPlayer.sbr
C:\Users\nikhil\Desktop\of_v0.8.4_vs_release\libs\openFrameworksCompiled\project\vs\obj\Debug\ofXml.sbr
C:\Users\nikhil\Desktop\of_v0.8.4_vs_release\libs\openFrameworksCompiled\project\vs\..\..\lib\vs\openframeworksLib_debug.lib
